[4.625s] DEBUG:colcon:Command line arguments: ['/usr/bin/colcon', 'build']
[4.625s] DEBUG:colcon:Parsed command line arguments: Namespace(log_base=None, log_level=None, verb_name='build', build_base='build', install_base='install', merge_install=False, symlink_install=False, test_result_base=None, continue_on_error=False, executor='parallel', parallel_workers=8, event_handlers=None, ignore_user_meta=False, metas=['./colcon.meta'], base_paths=['.'], packages_ignore=None, packages_ignore_regex=None, paths=None, packages_up_to=None, packages_up_to_regex=None, packages_above=None, packages_above_and_dependencies=None, packages_above_depth=None, packages_select_by_dep=None, packages_skip_by_dep=None, packages_skip_up_to=None, packages_select_build_failed=False, packages_skip_build_finished=False, packages_select_test_failures=False, packages_skip_test_passed=False, packages_select=None, packages_skip=None, packages_select_regex=None, packages_skip_regex=None, packages_start=None, packages_end=None, allow_overriding=[], cmake_args=None, cmake_target=None, cmake_target_skip_unavailable=False, cmake_clean_cache=False, cmake_clean_first=False, cmake_force_configure=False, ament_cmake_args=None, catkin_cmake_args=None, catkin_skip_building_tests=False, verb_parser=<colcon_defaults.argument_parser.defaults.DefaultArgumentsDecorator object at 0x7f28feab71f0>, verb_extension=<colcon_core.verb.build.BuildVerb object at 0x7f28fea02d40>, main=<bound method BuildVerb.main of <colcon_core.verb.build.BuildVerb object at 0x7f28fea02d40>>)
[5.408s] Level 1:colcon.colcon_core.package_discovery:discover_packages(colcon_meta) check parameters
[5.409s] Level 1:colcon.colcon_core.package_discovery:discover_packages(recursive) check parameters
[5.409s] Level 1:colcon.colcon_core.package_discovery:discover_packages(ignore) check parameters
[5.409s] Level 1:colcon.colcon_core.package_discovery:discover_packages(path) check parameters
[5.409s] Level 1:colcon.colcon_core.package_discovery:discover_packages(colcon_meta) discover
[5.409s] Level 1:colcon.colcon_core.package_discovery:discover_packages(recursive) discover
[5.409s] INFO:colcon.colcon_core.package_discovery:Crawling recursively for packages in '/root/ros2_ws/src/mypkg/mypkg'
[5.410s] Level 1:colcon.colcon_core.package_identification:_identify(.) by extensions ['ignore', 'ignore_ament_install']
[5.410s] Level 1:colcon.colcon_core.package_identification:_identify(.) by extension 'ignore'
[5.410s] Level 1:colcon.colcon_core.package_identification:_identify(.) by extension 'ignore_ament_install'
[5.410s] Level 1:colcon.colcon_core.package_identification:_identify(.) by extensions ['colcon_pkg']
[5.411s] Level 1:colcon.colcon_core.package_identification:_identify(.) by extension 'colcon_pkg'
[5.411s] Level 1:colcon.colcon_core.package_identification:_identify(.) by extensions ['colcon_meta']
[5.411s] Level 1:colcon.colcon_core.package_identification:_identify(.) by extension 'colcon_meta'
[5.411s] Level 1:colcon.colcon_core.package_identification:_identify(.) by extensions ['ros']
[5.411s] Level 1:colcon.colcon_core.package_identification:_identify(.) by extension 'ros'
[5.500s] Level 1:colcon.colcon_core.package_identification:_identify(.) by extensions ['cmake', 'python']
[5.500s] Level 1:colcon.colcon_core.package_identification:_identify(.) by extension 'cmake'
[5.500s] Level 1:colcon.colcon_core.package_identification:_identify(.) by extension 'python'
[5.500s] Level 1:colcon.colcon_core.package_identification:_identify(.) by extensions ['python_setup_py']
[5.500s] Level 1:colcon.colcon_core.package_identification:_identify(.) by extension 'python_setup_py'
[5.501s] Level 1:colcon.colcon_core.package_identification:_identify(build) by extensions ['ignore', 'ignore_ament_install']
[5.501s] Level 1:colcon.colcon_core.package_identification:_identify(build) by extension 'ignore'
[5.501s] Level 1:colcon.colcon_core.package_identification:_identify(build) ignored
[5.502s] Level 1:colcon.colcon_core.package_identification:_identify(install) by extensions ['ignore', 'ignore_ament_install']
[5.502s] Level 1:colcon.colcon_core.package_identification:_identify(install) by extension 'ignore'
[5.502s] Level 1:colcon.colcon_core.package_identification:_identify(install) ignored
[5.503s] Level 1:colcon.colcon_core.package_identification:_identify(log) by extensions ['ignore', 'ignore_ament_install']
[5.503s] Level 1:colcon.colcon_core.package_identification:_identify(log) by extension 'ignore'
[5.503s] Level 1:colcon.colcon_core.package_identification:_identify(log) ignored
[5.503s] Level 1:colcon.colcon_core.package_discovery:discover_packages(recursive) using defaults
[5.503s] Level 1:colcon.colcon_core.package_discovery:discover_packages(ignore) discover
[5.503s] Level 1:colcon.colcon_core.package_discovery:discover_packages(ignore) using defaults
[5.503s] Level 1:colcon.colcon_core.package_discovery:discover_packages(path) discover
[5.504s] Level 1:colcon.colcon_core.package_discovery:discover_packages(path) using defaults
[5.823s] Level 1:colcon.colcon_core.package_discovery:discover_packages(prefix_path) check parameters
[5.823s] Level 1:colcon.colcon_core.package_discovery:discover_packages(prefix_path) discover
[5.870s] DEBUG:colcon.colcon_installed_package_information.package_discovery:Found 2 installed packages in /root/ros2_ws/install
[5.877s] DEBUG:colcon.colcon_installed_package_information.package_discovery:Found 270 installed packages in /opt/ros/humble
[5.881s] Level 1:colcon.colcon_core.package_discovery:discover_packages(prefix_path) using defaults
[7.346s] INFO:colcon.colcon_core.executor:Executing jobs using 'parallel' executor
[7.356s] DEBUG:colcon.colcon_parallel_executor.executor.parallel:run_until_complete
[7.356s] DEBUG:colcon.colcon_parallel_executor.executor.parallel:closing loop
[7.356s] DEBUG:colcon.colcon_parallel_executor.executor.parallel:loop closed
[7.357s] DEBUG:colcon.colcon_parallel_executor.executor.parallel:run_until_complete finished with '0'
[7.357s] DEBUG:colcon.colcon_core.event_reactor:joining thread
[7.510s] INFO:colcon.colcon_core.plugin_system:Skipping extension 'colcon_notification.desktop_notification.notify_send': Could not find 'notify-send'
[7.511s] INFO:colcon.colcon_core.plugin_system:Skipping extension 'colcon_notification.desktop_notification.terminal_notifier': Not used on non-Darwin systems
[7.511s] INFO:colcon.colcon_core.plugin_system:Skipping extension 'colcon_notification.desktop_notification.win32': Not used on non-Windows systems
[7.511s] INFO:colcon.colcon_notification.desktop_notification:Sending desktop notification using 'notify2'
[7.511s] DEBUG:colcon.colcon_notification.desktop_notification.notify2:Failed to initialize notify2: org.freedesktop.DBus.Error.NotSupported: Unable to autolaunch a dbus-daemon without a $DISPLAY for X11
[7.512s] DEBUG:colcon.colcon_core.event_reactor:joined thread
[7.604s] INFO:colcon.colcon_core.plugin_system:Skipping extension 'colcon_core.shell.bat': Not used on non-Windows systems
[7.604s] INFO:colcon.colcon_core.shell:Creating prefix script '/root/ros2_ws/src/mypkg/mypkg/install/local_setup.ps1'
[7.625s] INFO:colcon.colcon_core.shell:Creating prefix util module '/root/ros2_ws/src/mypkg/mypkg/install/_local_setup_util_ps1.py'
[7.644s] INFO:colcon.colcon_core.shell:Creating prefix chain script '/root/ros2_ws/src/mypkg/mypkg/install/setup.ps1'
[7.666s] INFO:colcon.colcon_core.shell:Creating prefix script '/root/ros2_ws/src/mypkg/mypkg/install/local_setup.sh'
[7.669s] INFO:colcon.colcon_core.shell:Creating prefix util module '/root/ros2_ws/src/mypkg/mypkg/install/_local_setup_util_sh.py'
[7.673s] INFO:colcon.colcon_core.shell:Creating prefix chain script '/root/ros2_ws/src/mypkg/mypkg/install/setup.sh'
[7.680s] INFO:colcon.colcon_core.shell:Creating prefix script '/root/ros2_ws/src/mypkg/mypkg/install/local_setup.bash'
[7.698s] INFO:colcon.colcon_core.shell:Creating prefix chain script '/root/ros2_ws/src/mypkg/mypkg/install/setup.bash'
[7.715s] INFO:colcon.colcon_core.shell:Creating prefix script '/root/ros2_ws/src/mypkg/mypkg/install/local_setup.zsh'
[7.732s] INFO:colcon.colcon_core.shell:Creating prefix chain script '/root/ros2_ws/src/mypkg/mypkg/install/setup.zsh'
